<?xml version="1.0" encoding="UTF-8"?>
<coverage generated="1702065256188" clover="3.2.0">
  <project timestamp="1702065256188" name="All files">
    <metrics statements="12" coveredstatements="12" conditionals="3" coveredconditionals="3" methods="2" coveredmethods="2" elements="17" coveredelements="17" complexity="0" loc="12" ncloc="12" packages="1" files="1" classes="1"/>
    <file name="capitalizeWordData.ts" path="C:\Users\patri_h9qoymr\ReactProjects\Words\src\functions\TodayWord\capitalizeWordData.ts">
      <metrics statements="12" coveredstatements="12" conditionals="3" coveredconditionals="3" methods="2" coveredmethods="2"/>
      <line num="3" count="1" type="stmt"/>
      <line num="4" count="4" type="stmt"/>
      <line num="8" count="4" type="stmt"/>
      <line num="9" count="21" type="cond" truecount="1" falsecount="0"/>
      <line num="10" count="21" type="stmt"/>
      <line num="12" count="21" type="cond" truecount="2" falsecount="0"/>
      <line num="13" count="16" type="stmt"/>
      <line num="14" count="16" type="stmt"/>
      <line num="15" count="12" type="stmt"/>
      <line num="17" count="16" type="stmt"/>
      <line num="19" count="5" type="stmt"/>
      <line num="25" count="4" type="stmt"/>
    </file>
  </project>
</coverage>
