<?xml version="1.0" encoding="UTF-8"?>
<coverage generated="1702054079973" clover="3.2.0">
  <project timestamp="1702054079973" name="All files">
    <metrics statements="4" coveredstatements="4" conditionals="4" coveredconditionals="4" methods="1" coveredmethods="1" elements="9" coveredelements="9" complexity="0" loc="4" ncloc="4" packages="1" files="1" classes="1"/>
    <file name="goToPage.ts" path="C:\Users\patri_h9qoymr\ReactProjects\Words\src\functions\TodysWord\goToPage.ts">
      <metrics statements="4" coveredstatements="4" conditionals="4" coveredconditionals="4" methods="1" coveredmethods="1"/>
      <line num="3" count="1" type="stmt"/>
      <line num="9" count="17" type="cond" truecount="3" falsecount="0"/>
      <line num="10" count="5" type="stmt"/>
      <line num="12" count="12" type="stmt"/>
    </file>
  </project>
</coverage>
