{"C:\\Users\\patri_h9qoymr\\ReactProjects\\Words\\src\\functions\\TodayWord\\capitalizeWordData.ts": {"path":"C:\\Users\\patri_h9qoymr\\ReactProjects\\Words\\src\\functions\\TodayWord\\capitalizeWordData.ts","statementMap":{"0":{"start":{"line":3,"column":34},"end":{"line":26,"column":1}},"1":{"start":{"line":4,"column":40},"end":{"line":6,"column":4}},"2":{"start":{"line":8,"column":2},"end":{"line":23,"column":3}},"3":{"start":{"line":9,"column":4},"end":{"line":22,"column":5}},"4":{"start":{"line":10,"column":20},"end":{"line":10,"column":33}},"5":{"start":{"line":12,"column":6},"end":{"line":21,"column":7}},"6":{"start":{"line":13,"column":43},"end":{"line":13,"column":45}},"7":{"start":{"line":14,"column":8},"end":{"line":16,"column":10}},"8":{"start":{"line":15,"column":10},"end":{"line":15,"column":75}},"9":{"start":{"line":17,"column":8},"end":{"line":17,"column":52}},"10":{"start":{"line":19,"column":8},"end":{"line":20,"column":57}},"11":{"start":{"line":25,"column":2},"end":{"line":25,"column":29}},"12":{"start":{"line":3,"column":13},"end":{"line":3,"column":34}}},"fnMap":{"0":{"name":"(anonymous_0)","decl":{"start":{"line":3,"column":34},"end":{"line":3,"column":35}},"loc":{"start":{"line":3,"column":67},"end":{"line":26,"column":1}}},"1":{"name":"(anonymous_1)","decl":{"start":{"line":14,"column":22},"end":{"line":14,"column":23}},"loc":{"start":{"line":15,"column":10},"end":{"line":15,"column":75}}}},"branchMap":{"0":{"loc":{"start":{"line":9,"column":4},"end":{"line":22,"column":5}},"type":"if","locations":[{"start":{"line":9,"column":4},"end":{"line":22,"column":5}}]},"1":{"loc":{"start":{"line":12,"column":6},"end":{"line":21,"column":7}},"type":"if","locations":[{"start":{"line":12,"column":6},"end":{"line":21,"column":7}},{"start":{"line":18,"column":13},"end":{"line":21,"column":7}}]}},"s":{"0":1,"1":4,"2":4,"3":21,"4":21,"5":21,"6":16,"7":16,"8":12,"9":16,"10":5,"11":4,"12":1},"f":{"0":4,"1":12},"b":{"0":[21],"1":[16,5]}}
}
