{"C:\\Users\\patri_h9qoymr\\ReactProjects\\Words\\src\\functions\\TodysWord\\goToPage.ts": {"path":"C:\\Users\\patri_h9qoymr\\ReactProjects\\Words\\src\\functions\\TodysWord\\goToPage.ts","statementMap":{"0":{"start":{"line":3,"column":24},"end":{"line":17,"column":1}},"1":{"start":{"line":9,"column":2},"end":{"line":10,"column":72}},"2":{"start":{"line":10,"column":4},"end":{"line":10,"column":72}},"3":{"start":{"line":12,"column":2},"end":{"line":16,"column":4}},"4":{"start":{"line":3,"column":13},"end":{"line":3,"column":24}}},"fnMap":{"0":{"name":"(anonymous_0)","decl":{"start":{"line":3,"column":24},"end":{"line":3,"column":null}},"loc":{"start":{"line":8,"column":15},"end":{"line":17,"column":1}}}},"branchMap":{"0":{"loc":{"start":{"line":7,"column":2},"end":{"line":7,"column":25}},"type":"default-arg","locations":[{"start":{"line":7,"column":24},"end":{"line":7,"column":25}}]},"1":{"loc":{"start":{"line":9,"column":2},"end":{"line":10,"column":72}},"type":"if","locations":[{"start":{"line":9,"column":2},"end":{"line":10,"column":72}}]},"2":{"loc":{"start":{"line":9,"column":6},"end":{"line":9,"column":58}},"type":"binary-expr","locations":[{"start":{"line":9,"column":6},"end":{"line":9,"column":30}},{"start":{"line":9,"column":34},"end":{"line":9,"column":58}}]}},"s":{"0":1,"1":17,"2":5,"3":12,"4":1},"f":{"0":17},"b":{"0":[7],"1":[5],"2":[17,15]}}
}
